<?xml version="1.0" encoding="UTF-8"?>
<!-- Generated by org.testng.reporters.JUnitReportReporter -->
<testsuite hostname="G10GGNLT049" name="com.usgbc.dev.regression.ErrorMessageCommRegTest" tests="1" failures="0" timestamp="13 Oct 2017 11:30:47 GMT" time="25.003" errors="0">
  <testcase name="testErrorMessagesCommRegCondition3" time="25.003" classname="com.usgbc.dev.regression.ErrorMessageCommRegTest"/>
</testsuite> <!-- com.usgbc.dev.regression.ErrorMessageCommRegTest -->
