<?xml version="1.0" encoding="UTF-8"?>
<!-- Generated by org.testng.reporters.JUnitReportReporter -->
<testsuite hostname="G10GGNLT049" name="com.usgbc.dev.regression.CommunityRegistrationTest" tests="1" failures="0" timestamp="24 Oct 2017 07:05:46 GMT" time="188.550" errors="0">
  <testcase name="testCommunityRegistration" time="188.550" classname="com.usgbc.dev.regression.CommunityRegistrationTest"/>
</testsuite> <!-- com.usgbc.dev.regression.CommunityRegistrationTest -->
