<?xml version="1.0" encoding="UTF-8"?>
<!-- Generated by org.testng.reporters.JUnitReportReporter -->
<testsuite hostname="G10GGNLT049" name="com.usgbc.dev.regression.StoreTest" tests="1" failures="0" timestamp="1 Nov 2017 01:34:18 GMT" time="29.019" errors="0">
  <testcase name="testShoppingCartLink2" time="29.019" classname="com.usgbc.dev.regression.StoreTest"/>
</testsuite> <!-- com.usgbc.dev.regression.StoreTest -->
