<?xml version="1.0" encoding="UTF-8"?>
<!-- Generated by org.testng.reporters.JUnitReportReporter -->
<testsuite hostname="G10GGNLT049" name="com.usgbc.dev.regression.MembershipTest" tests="1" failures="0" timestamp="1 Nov 2017 13:34:40 GMT" time="137.609" errors="0">
  <testcase name="testMembership" time="137.609" classname="com.usgbc.dev.regression.MembershipTest"/>
</testsuite> <!-- com.usgbc.dev.regression.MembershipTest -->
