<?xml version="1.0" encoding="UTF-8"?>
<!-- Generated by org.testng.reporters.JUnitReportReporter -->
<testsuite hostname="G10GGNLT049" name="com.usgbc.dev.regression.LoggedUserTest" tests="1" failures="0" timestamp="12 Oct 2017 09:11:42 GMT" time="20.357" errors="0">
  <testcase name="testLoggedUser" time="20.357" classname="com.usgbc.dev.regression.LoggedUserTest"/>
</testsuite> <!-- com.usgbc.dev.regression.LoggedUserTest -->
