<?xml version="1.0" encoding="UTF-8"?>
<!-- Generated by org.testng.reporters.JUnitReportReporter -->
<testsuite hostname="G10GGNLT049" name="com.usgbc.dev.regression.CommunityRegistrationTest" tests="1" failures="0" timestamp="16 Oct 2017 05:18:56 GMT" time="258.641" errors="0">
  <testcase name="testCommunityRegistration" time="258.641" classname="com.usgbc.dev.regression.CommunityRegistrationTest"/>
</testsuite> <!-- com.usgbc.dev.regression.CommunityRegistrationTest -->
