<?xml version="1.0" encoding="UTF-8"?>
<!-- Generated by org.testng.reporters.JUnitReportReporter -->
<testsuite hostname="G10GGNLT049" name="com.usgbc.dev.regression.example" tests="1" failures="0" timestamp="31 Oct 2017 18:54:44 GMT" time="10.039" errors="0">
  <testcase name="verifygoogle" time="10.039" classname="com.usgbc.dev.regression.example"/>
</testsuite> <!-- com.usgbc.dev.regression.example -->
