<?xml version="1.0" encoding="UTF-8"?>
<!-- Generated by org.testng.reporters.JUnitReportReporter -->
<testsuite hostname="G10GGNLT049" name="com.usgbc.dev.regression.UsgbcStoreTest" tests="1" failures="0" timestamp="16 Oct 2017 10:28:46 GMT" time="205.266" errors="0">
  <testcase name="testUsgbcStore2" time="205.266" classname="com.usgbc.dev.regression.UsgbcStoreTest"/>
</testsuite> <!-- com.usgbc.dev.regression.UsgbcStoreTest -->
