<?xml version="1.0" encoding="UTF-8"?>
<!-- Generated by org.testng.reporters.JUnitReportReporter -->
<testsuite hostname="G10GGNLT049" name="com.usgbc.dev.regression.UsgbcStoreTest" tests="1" failures="0" timestamp="20 Oct 2017 11:49:10 GMT" time="100.094" errors="0">
  <testcase name="testUsgbcStoreLEED2" time="100.094" classname="com.usgbc.dev.regression.UsgbcStoreTest"/>
</testsuite> <!-- com.usgbc.dev.regression.UsgbcStoreTest -->
