<?xml version="1.0" encoding="UTF-8"?>
<!-- Generated by org.testng.reporters.JUnitReportReporter -->
<testsuite hostname="G10GGNLT049" name="com.usgbc.dev.regression.StoreTest" tests="1" failures="0" timestamp="13 Oct 2017 13:20:15 GMT" time="58.621" errors="0">
  <testcase name="testStore" time="58.621" classname="com.usgbc.dev.regression.StoreTest"/>
</testsuite> <!-- com.usgbc.dev.regression.StoreTest -->
