<?xml version="1.0" encoding="UTF-8"?>
<!-- Generated by org.testng.reporters.JUnitReportReporter -->
<testsuite hostname="G10GGNLT049" name="com.usgbc.dev.regression.ErrorMessageCommRegTest" tests="3" failures="0" timestamp="31 Oct 2017 05:04:28 GMT" time="57.941" errors="0">
  <testcase name="testErrorMessagesCommRegCondition2" time="20.149" classname="com.usgbc.dev.regression.ErrorMessageCommRegTest"/>
  <testcase name="testErrorMessagesCommRegCondition3" time="21.486" classname="com.usgbc.dev.regression.ErrorMessageCommRegTest"/>
  <testcase name="testErrorMessagesCommReg" time="16.306" classname="com.usgbc.dev.regression.ErrorMessageCommRegTest"/>
</testsuite> <!-- com.usgbc.dev.regression.ErrorMessageCommRegTest -->
