<?xml version="1.0" encoding="UTF-8"?>
<!-- Generated by org.testng.reporters.JUnitReportReporter -->
<testsuite hostname="G10GGNLT049" name="com.usgbc.dev.regression.MembershipTest" tests="1" failures="0" timestamp="31 Oct 2017 05:04:28 GMT" time="25.314" errors="0">
  <testcase name="testMembership" time="25.314" classname="com.usgbc.dev.regression.MembershipTest"/>
</testsuite> <!-- com.usgbc.dev.regression.MembershipTest -->
