<?xml version="1.0" encoding="UTF-8"?>
<!-- Generated by org.testng.reporters.JUnitReportReporter -->
<testsuite hostname="G10GGNLT049" name="com.usgbc.dev.regression.CommunityRegistrationCountryFieldTest" tests="1" failures="0" timestamp="12 Oct 2017 09:04:01 GMT" time="6.499" errors="0">
  <testcase name="testCommunityRegistrationCountryField" time="6.499" classname="com.usgbc.dev.regression.CommunityRegistrationCountryFieldTest"/>
</testsuite> <!-- com.usgbc.dev.regression.CommunityRegistrationCountryFieldTest -->
