<?xml version="1.0" encoding="UTF-8"?>
<!-- Generated by org.testng.reporters.JUnitReportReporter -->
<testsuite hostname="G10GGNLT049" name="com.usgbc.dev.regression.StoreTest" tests="1" failures="0" timestamp="31 Oct 2017 05:04:28 GMT" time="42.810" errors="0">
  <testcase name="testStore" time="42.810" classname="com.usgbc.dev.regression.StoreTest"/>
</testsuite> <!-- com.usgbc.dev.regression.StoreTest -->
